{
	http://hocnhanhruby.vn/ngon-ngu-ruby/bai-hoc/
	http://oceanofgames.com/shaolin-vs-wutang-free-download/
	http://wood.woodtools.nov.ru/books/build_own_dummy/build_own_dummy.pdf
	https://askubuntu.com/questions/772495/proper-installation-of-kali-linux-tools-in-ubuntu-16-04-lts
	https://www.youtube.com/watch?v=P-dsLrkAQfw
	http://www.tutorialspoint.com/numpy/
	https://lolligerjoj.wordpress.com/2016/10/22/twixtor-on-anime-footage-and-ae-workflow-using-twixtor/
}
=============
{
	https://www.kaggle.com/CooperUnion/anime-recommendations-database
	https://www.deeplearning.ai/
	https://lukasikic.com/article/how-i-passed-oscp-at-17?post=5
	https://github.com/square/javapoet
}
=============
{
	machine learning video smoother
}
{ 
	http://deeplearning.net/datasets/
	https://anidb.net/perl-bin/animedb.pl?show=main
	https://github.com/dragonmeteor/AnimeDrawingsDataset
	https://caphuuquan.blogspot.com/2016/05/install-caffe-library-on-ubuntu-1404.html
	https://caphuuquan.blogspot.com/2017/03/how-to-detect-lines-in-image-using.html
	http://vietonrails.com/ai/2016/05/04/gioi-thieu-va-su-dung-nhung-library-ve-deep-learning-1-tensorflow
	https://www.technologyreview.com/lists/innovators-under-35/2017/
	https://viblo.asia/p/thuat-toan-danh-gia-score-trong-elasticsearch-OeVKBY7y5kW
	https://viblo.asia/q/can-tu-van-giai-phap-mysql-lon-len-den-10-trieu-rows-DVK2n6yXKLj
}
=============
Data Sci
{
	http://www.kdnuggets.com/
	http://www.baeldung.com/start-here
}
=============
#Import
{
	file:///E:/_University%20HAUI/Machine%20Learning/Doc/Neural%20Convolution/K20_KTPM_Le_Thi_Thu_Hang_luanvan.pdf
	https://github.com/dformoso/machine-learning-mindmap/blob/master/README.md
	http://make.girls.moe/#/
}
file:///E:/D%E1%BB%8B%20Th%E1%BA%BF%20T%C3%A0%20Qu%C3%A2n%20full%20PDF/D%E1%BB%8B%20Th%E1%BA%BF%20T%C3%A0%20Qu%C3%A2n%20Q1-4.pdf---3494
http://www.cgchannel.com/2017/08/amazon-to-post-lumberyard-source-code-on-github/
https://viblo.asia/p/ung-dung-thuat-toan-naive-bayes-trong-giai-quyet-bai-toan-chuan-doan-benh-tieu-duong-eW65GYejZDO
https://techmaster.vn/posts/33836/machine-learning-la-gi-tai-sao-machine-learning-lai-quan-trong
https://www.facebook.com/avjss.it/posts/2028794017344276:0
http://giohoc.com/ruby/2017/07/27/ruby-on-rails.html
#Dataset
https://archive.org/details/stackexchange
https://www.mira.law/blogposts/2017/5/12/semantic-averaging-of-documents-using-word2vec-representations
http://opensourceforu.com/2017/08/googles-deeplearn-js-brings-machine-learning-chrome-browser/
http://opensourceforu.com/2017/03/neural-networks-in-detail/
#Mang
http://truyen.academyvn.com/chapter/113852/moujuusei-shounen-shoujo-chuong-05-co-gai-thu-tu-qua-khu
https://yande.re/pool/show/4595
http://truyentranhlh.com/doc-kusumi-kun-kuuki-yometemasu-ka-chuong-0.009.html
www.pcgamer.com/my-computer-is-full-of-viruses-do-i-need-to-reinstall-my-os/?utm_content=buffer6e37a&utm_medium=social&utm_source=facebook&utm_campaign=buffer_pcgamerfb